<?xml version="1.0" encoding="UTF-8"?>
<!-- Generated by org.testng.reporters.JUnitXMLReporter -->
<testsuite hostname="DESKTOP-D0S3KQG" ignored="1" name="Test" tests="2" failures="1" timestamp="27 Sep 2019 17:22:16 GMT" time="0.04" errors="0">
  <testcase name="b" time="0.005" classname="com.test2.Demo"/>
  <testcase name="c" time="0.022" classname="com.test2.Demo">
    <failure type="java.lang.AssertionError" message="The following asserts failed:
	Fails expected [aek] but found [adk]">
      <![CDATA[java.lang.AssertionError: The following asserts failed:
	Fails expected [aek] but found [adk]
	at com.test2.Demo.c(Demo.java:36)
... Removed 26 stack frames]]>
    </failure>
  </testcase> <!-- c -->
  <testcase name="a" time="0.0" classname="com.test2.Demo">
    <ignored/>
  </testcase> <!-- a -->
</testsuite> <!-- Test -->
