<?xml version="1.0" encoding="UTF-8"?>
<testng-results skipped="0" failed="0" ignored="0" total="3" passed="3">
  <reporter-output>
  </reporter-output>
  <suite name="Suite" duration-ms="36524" started-at="2019-09-28T12:35:39Z" finished-at="2019-09-28T12:36:15Z">
    <groups>
    </groups>
    <test name="ChromeTest" duration-ms="36524" started-at="2019-09-28T12:35:39Z" finished-at="2019-09-28T12:36:15Z">
      <class name="com.test.AutomateFlipkart">
        <test-method status="PASS" signature="initWebDriver(java.lang.String)[pri:0, instance:com.test.AutomateFlipkart@1ed4004b]" name="initWebDriver" is-config="true" duration-ms="15648" started-at="2019-09-28T18:05:39Z" finished-at="2019-09-28T18:05:54Z">
          <params>
            <param index="0">
              <value>
                <![CDATA[chrome]]>
              </value>
            </param>
          </params>
          <reporter-output>
          </reporter-output>
        </test-method> <!-- initWebDriver -->
        <test-method status="PASS" signature="flipkartLogin()[pri:1, instance:com.test.AutomateFlipkart@1ed4004b]" name="flipkartLogin" duration-ms="4922" started-at="2019-09-28T18:05:55Z" finished-at="2019-09-28T18:05:59Z">
          <reporter-output>
          </reporter-output>
        </test-method> <!-- flipkartLogin -->
        <test-method status="PASS" signature="searchBox()[pri:2, instance:com.test.AutomateFlipkart@1ed4004b]" name="searchBox" duration-ms="2715" started-at="2019-09-28T18:05:59Z" finished-at="2019-09-28T18:06:02Z">
          <reporter-output>
          </reporter-output>
        </test-method> <!-- searchBox -->
        <test-method status="PASS" signature="takeScreenShot()[pri:3, instance:com.test.AutomateFlipkart@1ed4004b]" name="takeScreenShot" duration-ms="1001" started-at="2019-09-28T18:06:02Z" finished-at="2019-09-28T18:06:03Z">
          <reporter-output>
          </reporter-output>
        </test-method> <!-- takeScreenShot -->
        <test-method status="FAIL" signature="process()[pri:0, instance:com.test.AutomateFlipkart@1ed4004b]" name="process" is-config="true" duration-ms="0" started-at="2019-09-28T18:06:03Z" finished-at="2019-09-28T18:06:03Z">
          <exception class="org.openqa.selenium.ElementClickInterceptedException">
            <message>
              <![CDATA[element click intercepted: Element <div class="_34nCiT">...</div> is not clickable at point (167, 603). Other element would receive the click: <div class="_1WCovg">...</div>
  (Session info: chrome=77.0.3865.90)
Build info: version: '3.9.1', revision: '63f7b50', time: '2018-02-07T22:25:02.294Z'
System info: host: 'DESKTOP-D0S3KQG', ip: '192.168.100.1', os.name: 'Windows 10', os.arch: 'amd64', os.version: '10.0', java.version: '1.8.0_102'
Driver info: org.openqa.selenium.chrome.ChromeDriver
Capabilities {acceptInsecureCerts: false, browserName: chrome, browserVersion: 77.0.3865.90, chrome: {chromedriverVersion: 76.0.3809.126 (d80a294506b4..., userDataDir: C:\Users\Waheguru\AppData\L...}, goog:chromeOptions: {debuggerAddress: localhost:57457}, javascriptEnabled: true, networkConnectionEnabled: false, pageLoadStrategy: normal, platform: XP, platformName: XP, proxy: Proxy(), setWindowRect: true, strictFileInteractability: false, timeouts: {implicit: 0, pageLoad: 300000, script: 30000}, unhandledPromptBehavior: dismiss and notify}
Session ID: 9fd60a5028774259f2758d652a301a77]]>
            </message>
            <full-stacktrace>
              <![CDATA[org.openqa.selenium.ElementClickInterceptedException: element click intercepted: Element <div class="_34nCiT">...</div> is not clickable at point (167, 603). Other element would receive the click: <div class="_1WCovg">...</div>
  (Session info: chrome=77.0.3865.90)
Build info: version: '3.9.1', revision: '63f7b50', time: '2018-02-07T22:25:02.294Z'
System info: host: 'DESKTOP-D0S3KQG', ip: '192.168.100.1', os.name: 'Windows 10', os.arch: 'amd64', os.version: '10.0', java.version: '1.8.0_102'
Driver info: org.openqa.selenium.chrome.ChromeDriver
Capabilities {acceptInsecureCerts: false, browserName: chrome, browserVersion: 77.0.3865.90, chrome: {chromedriverVersion: 76.0.3809.126 (d80a294506b4..., userDataDir: C:\Users\Waheguru\AppData\L...}, goog:chromeOptions: {debuggerAddress: localhost:57457}, javascriptEnabled: true, networkConnectionEnabled: false, pageLoadStrategy: normal, platform: XP, platformName: XP, proxy: Proxy(), setWindowRect: true, strictFileInteractability: false, timeouts: {implicit: 0, pageLoad: 300000, script: 30000}, unhandledPromptBehavior: dismiss and notify}
Session ID: 9fd60a5028774259f2758d652a301a77
	at sun.reflect.NativeConstructorAccessorImpl.newInstance0(Native Method)
	at sun.reflect.NativeConstructorAccessorImpl.newInstance(Unknown Source)
	at sun.reflect.DelegatingConstructorAccessorImpl.newInstance(Unknown Source)
	at java.lang.reflect.Constructor.newInstance(Unknown Source)
	at org.openqa.selenium.remote.http.W3CHttpResponseCodec.createException(W3CHttpResponseCodec.java:187)
	at org.openqa.selenium.remote.http.W3CHttpResponseCodec.decode(W3CHttpResponseCodec.java:122)
	at org.openqa.selenium.remote.http.W3CHttpResponseCodec.decode(W3CHttpResponseCodec.java:49)
	at org.openqa.selenium.remote.HttpCommandExecutor.execute(HttpCommandExecutor.java:160)
	at org.openqa.selenium.remote.service.DriverCommandExecutor.execute(DriverCommandExecutor.java:83)
	at org.openqa.selenium.remote.RemoteWebDriver.execute(RemoteWebDriver.java:601)
	at org.openqa.selenium.remote.RemoteWebElement.execute(RemoteWebElement.java:279)
	at org.openqa.selenium.remote.RemoteWebElement.click(RemoteWebElement.java:83)
	at com.test.AutomateFlipkart.process(AutomateFlipkart.java:103)
	at sun.reflect.NativeMethodAccessorImpl.invoke0(Native Method)
	at sun.reflect.NativeMethodAccessorImpl.invoke(Unknown Source)
	at sun.reflect.DelegatingMethodAccessorImpl.invoke(Unknown Source)
	at java.lang.reflect.Method.invoke(Unknown Source)
	at org.testng.internal.MethodInvocationHelper.invokeMethod(MethodInvocationHelper.java:104)
	at org.testng.internal.Invoker.invokeConfigurationMethod(Invoker.java:515)
	at org.testng.internal.Invoker.invokeConfigurations(Invoker.java:217)
	at org.testng.internal.Invoker.invokeConfigurations(Invoker.java:144)
	at org.testng.TestRunner.afterRun(TestRunner.java:983)
	at org.testng.TestRunner.run(TestRunner.java:614)
	at org.testng.SuiteRunner.runTest(SuiteRunner.java:387)
	at org.testng.SuiteRunner.runSequentially(SuiteRunner.java:382)
	at org.testng.SuiteRunner.privateRun(SuiteRunner.java:340)
	at org.testng.SuiteRunner.run(SuiteRunner.java:289)
	at org.testng.SuiteRunnerWorker.runSuite(SuiteRunnerWorker.java:52)
	at org.testng.SuiteRunnerWorker.run(SuiteRunnerWorker.java:86)
	at org.testng.TestNG.runSuitesSequentially(TestNG.java:1293)
	at org.testng.TestNG.runSuitesLocally(TestNG.java:1218)
	at org.testng.TestNG.runSuites(TestNG.java:1133)
	at org.testng.TestNG.run(TestNG.java:1104)
	at org.testng.remote.AbstractRemoteTestNG.run(AbstractRemoteTestNG.java:115)
	at org.testng.remote.RemoteTestNG.initAndRun(RemoteTestNG.java:251)
	at org.testng.remote.RemoteTestNG.main(RemoteTestNG.java:77)
]]>
            </full-stacktrace>
          </exception> <!-- org.openqa.selenium.ElementClickInterceptedException -->
          <reporter-output>
          </reporter-output>
        </test-method> <!-- process -->
      </class> <!-- com.test.AutomateFlipkart -->
    </test> <!-- ChromeTest -->
  </suite> <!-- Suite -->
</testng-results>
